#
# There is insufficient memory for the Java Runtime Environment to continue.
# Native memory allocation (malloc) failed to allocate 682256 bytes for Chunk::new
# Possible reasons:
#   The system is out of physical RAM or swap space
#   The process is running with CompressedOops enabled, and the Java Heap may be blocking the growth of the native heap
# Possible solutions:
#   Reduce memory load on the system
#   Increase physical memory or swap space
#   Check if swap backing store is full
#   Decrease Java heap size (-Xmx/-Xms)
#   Decrease number of Java threads
#   Decrease Java thread stack sizes (-Xss)
#   Set larger code cache with -XX:ReservedCodeCacheSize=
#   JVM is running with Zero Based Compressed Oops mode in which the Java heap is
#     placed in the first 32GB address space. The Java Heap base address is the
#     maximum limit for the native heap growth. Please use -XX:HeapBaseMinAddress
#     to set the Java Heap base and to place the Java Heap above 32GB virtual address.
# This output file may be truncated or incomplete.
#
#  Out of Memory Error (src/hotspot/share/memory/arena.cpp:197), pid=139688, tid=98556
#
# JRE version: OpenJDK Runtime Environment (11.0.15) (build 11.0.15+0-b2043.56-8887301)
# Java VM: OpenJDK 64-Bit Server VM (11.0.15+0-b2043.56-8887301, mixed mode, tiered, compressed oops, g1 gc, windows-amd64)
# No core dump will be written. Minidumps are not enabled by default on client versions of Windows
#

---------------  S U M M A R Y ------------

Command Line: org.jetbrains.kotlin.cli.jvm.K2JVMCompiler @D:\previous\WBC\2022\research\abaclone\ABAClone\app\build\20230202_1451062397707429213.compiler.options

Host: 11th Gen Intel(R) Core(TM) i5-1135G7 @ 2.40GHz, 8 cores, 15G,  Windows 11 , 64 bit Build 22621 (10.0.22621.1105)
Time: Thu Feb  2 14:28:58 2023 SE Asia Standard Time elapsed time: 2.324847 seconds (0d 0h 0m 2s)

---------------  T H R E A D  ---------------

Current thread (0x000001402bbd1800):  JavaThread "C2 CompilerThread1" daemon [_thread_in_native, id=98556, stack(0x0000000dd5200000,0x0000000dd5300000)]


Current CompileTask:
C2:   2324 2180   !   4       jdk.internal.loader.URLClassPath$JarLoader::getResource (65 bytes)

Stack: [0x0000000dd5200000,0x0000000dd5300000]
Native frames: (J=compiled Java code, j=interpreted, Vv=VM code, C=native code)
V  [jvm.dll+0x64135a]
V  [jvm.dll+0x7d39f9]
V  [jvm.dll+0x7d51b9]
V  [jvm.dll+0x7d58a3]
V  [jvm.dll+0x2691c5]
V  [jvm.dll+0xc1a5c]
V  [jvm.dll+0xc200c]
V  [jvm.dll+0x377462]
V  [jvm.dll+0x342495]
V  [jvm.dll+0x34186a]
V  [jvm.dll+0x2214bd]
V  [jvm.dll+0x220498]
V  [jvm.dll+0x19e851]
V  [jvm.dll+0x230479]
V  [jvm.dll+0x22e5ef]
V  [jvm.dll+0x794de1]
V  [jvm.dll+0x78dc24]
V  [jvm.dll+0x6400f6]
C  [ucrtbase.dll+0x29363]
C  [KERNEL32.DLL+0x126bd]
C  [ntdll.dll+0x5dfb8]


---------------  P R O C E S S  ---------------

Threads class SMR info:
_java_thread_list=0x000001402b9fb3d0, length=12, elements={
0x000001400c102800, 0x000001402b9e2000, 0x000001402b9f0000, 0x000001402ba0a000,
0x000001402ba0b800, 0x000001402ba4f800, 0x000001402ba53000, 0x000001402ba57000,
0x000001402ba5d800, 0x000001402bbd4000, 0x000001402bbd1800, 0x000001402bc3e800
}

Java Threads: ( => current thread )
  0x000001400c102800 JavaThread "main" [_thread_in_Java, id=123416, stack(0x0000000dd4100000,0x0000000dd4200000)]
  0x000001402b9e2000 JavaThread "Reference Handler" daemon [_thread_blocked, id=131660, stack(0x0000000dd4800000,0x0000000dd4900000)]
  0x000001402b9f0000 JavaThread "Finalizer" daemon [_thread_blocked, id=139360, stack(0x0000000dd4900000,0x0000000dd4a00000)]
  0x000001402ba0a000 JavaThread "Signal Dispatcher" daemon [_thread_blocked, id=46172, stack(0x0000000dd4a00000,0x0000000dd4b00000)]
  0x000001402ba0b800 JavaThread "Attach Listener" daemon [_thread_blocked, id=138188, stack(0x0000000dd4b00000,0x0000000dd4c00000)]
  0x000001402ba4f800 JavaThread "Service Thread" daemon [_thread_blocked, id=138264, stack(0x0000000dd4c00000,0x0000000dd4d00000)]
  0x000001402ba53000 JavaThread "C2 CompilerThread0" daemon [_thread_in_native, id=126784, stack(0x0000000dd4d00000,0x0000000dd4e00000)]
  0x000001402ba57000 JavaThread "C1 CompilerThread0" daemon [_thread_blocked, id=137732, stack(0x0000000dd4e00000,0x0000000dd4f00000)]
  0x000001402ba5d800 JavaThread "Sweeper thread" daemon [_thread_blocked, id=128044, stack(0x0000000dd4f00000,0x0000000dd5000000)]
  0x000001402bbd4000 JavaThread "Common-Cleaner" daemon [_thread_blocked, id=130156, stack(0x0000000dd5100000,0x0000000dd5200000)]
=>0x000001402bbd1800 JavaThread "C2 CompilerThread1" daemon [_thread_in_native, id=98556, stack(0x0000000dd5200000,0x0000000dd5300000)]
  0x000001402bc3e800 JavaThread "C2 CompilerThread2" daemon [_thread_in_native, id=127380, stack(0x0000000dd5300000,0x0000000dd5400000)]

Other Threads:
  0x000001402b9bd800 VMThread "VM Thread" [stack: 0x0000000dd4700000,0x0000000dd4800000] [id=138116]
  0x000001402bbc5000 WatcherThread [stack: 0x0000000dd5000000,0x0000000dd5100000] [id=137136]
  0x000001400c11a000 GCTaskThread "GC Thread#0" [stack: 0x0000000dd4200000,0x0000000dd4300000] [id=140020]
  0x000001402c273800 GCTaskThread "GC Thread#1" [stack: 0x0000000dd5400000,0x0000000dd5500000] [id=136452]
  0x000001402c23a000 GCTaskThread "GC Thread#2" [stack: 0x0000000dd5500000,0x0000000dd5600000] [id=127260]
  0x000001402c32b800 GCTaskThread "GC Thread#3" [stack: 0x0000000dd5600000,0x0000000dd5700000] [id=133016]
  0x000001402c32c800 GCTaskThread "GC Thread#4" [stack: 0x0000000dd5700000,0x0000000dd5800000] [id=15220]
  0x000001402c48a000 GCTaskThread "GC Thread#5" [stack: 0x0000000dd5800000,0x0000000dd5900000] [id=139404]
  0x000001400c176800 ConcurrentGCThread "G1 Main Marker" [stack: 0x0000000dd4300000,0x0000000dd4400000] [id=126472]
  0x000001400c178800 ConcurrentGCThread "G1 Conc#0" [stack: 0x0000000dd4400000,0x0000000dd4500000] [id=138924]
  0x000001402d13a000 ConcurrentGCThread "G1 Conc#1" [stack: 0x0000000dd5900000,0x0000000dd5a00000] [id=128196]
  0x000001402af15800 ConcurrentGCThread "G1 Refine#0" [stack: 0x0000000dd4500000,0x0000000dd4600000] [id=132208]
  0x000001402af1a800 ConcurrentGCThread "G1 Young RemSet Sampling" [stack: 0x0000000dd4600000,0x0000000dd4700000] [id=126732]

Threads with active compile tasks:
C2 CompilerThread0     2338 2187       4       java.lang.String::substring (68 bytes)
C1 CompilerThread0     2338 2194       3       java.lang.invoke.LambdaForm$MH/0x000000080019c040::invokeExact_MT (29 bytes)
C2 CompilerThread1     2338 2180   !   4       jdk.internal.loader.URLClassPath$JarLoader::getResource (65 bytes)
C2 CompilerThread2     2338 1863   !   4       jdk.internal.loader.BuiltinClassLoader::loadClassOrNull (143 bytes)

VM state:not at safepoint (normal execution)

VM Mutex/Monitor currently owned by a thread: None

Heap address: 0x0000000703600000, size: 4042 MB, Compressed Oops mode: Zero based, Oop shift amount: 3
Narrow klass base: 0x0000000800000000, Narrow klass shift: 0
Compressed class space size: 1073741824 Address: 0x0000000800000000

Heap:
 garbage-first heap   total 260096K, used 46817K [0x0000000703600000, 0x0000000800000000)
  region size 1024K, 41 young (41984K), 7 survivors (7168K)
 Metaspace       used 31035K, capacity 31493K, committed 31792K, reserved 1077248K
  class space    used 3731K, capacity 3902K, committed 3968K, reserved 1048576K
Heap Regions: E=young(eden), S=young(survivor), O=old, HS=humongous(starts), HC=humongous(continues), CS=collection set, F=free, A=archive, TAMS=top-at-mark-start (previous, next)
|   0|0x0000000703600000, 0x0000000703700000, 0x0000000703700000|100%|HS|  |TAMS 0x0000000703700000, 0x0000000703600000| Complete 
|   1|0x0000000703700000, 0x0000000703800000, 0x0000000703800000|100%|HC|  |TAMS 0x0000000703800000, 0x0000000703700000| Complete 
|   2|0x0000000703800000, 0x0000000703900000, 0x0000000703900000|100%|HC|  |TAMS 0x0000000703900000, 0x0000000703800000| Complete 
|   3|0x0000000703900000, 0x0000000703900000, 0x0000000703a00000|  0%| F|  |TAMS 0x0000000703900000, 0x0000000703900000| Untracked 
|   4|0x0000000703a00000, 0x0000000703a0e800, 0x0000000703b00000|  5%| O|  |TAMS 0x0000000703a0e800, 0x0000000703a00000| Untracked 
|   5|0x0000000703b00000, 0x0000000703c00000, 0x0000000703c00000|100%|HS|  |TAMS 0x0000000703b00000, 0x0000000703b00000| Complete 
|   6|0x0000000703c00000, 0x0000000703d00000, 0x0000000703d00000|100%|HC|  |TAMS 0x0000000703c00000, 0x0000000703c00000| Complete 
|   7|0x0000000703d00000, 0x0000000703e00000, 0x0000000703e00000|100%|HC|  |TAMS 0x0000000703d00000, 0x0000000703d00000| Complete 
|   8|0x0000000703e00000, 0x0000000703e00000, 0x0000000703f00000|  0%| F|  |TAMS 0x0000000703e00000, 0x0000000703e00000| Untracked 
|   9|0x0000000703f00000, 0x0000000703f00000, 0x0000000704000000|  0%| F|  |TAMS 0x0000000703f00000, 0x0000000703f00000| Untracked 
|  10|0x0000000704000000, 0x0000000704000000, 0x0000000704100000|  0%| F|  |TAMS 0x0000000704000000, 0x0000000704000000| Untracked 
|  11|0x0000000704100000, 0x0000000704100000, 0x0000000704200000|  0%| F|  |TAMS 0x0000000704100000, 0x0000000704100000| Untracked 
|  12|0x0000000704200000, 0x0000000704200000, 0x0000000704300000|  0%| F|  |TAMS 0x0000000704200000, 0x0000000704200000| Untracked 
|  13|0x0000000704300000, 0x0000000704300000, 0x0000000704400000|  0%| F|  |TAMS 0x0000000704300000, 0x0000000704300000| Untracked 
|  14|0x0000000704400000, 0x0000000704400000, 0x0000000704500000|  0%| F|  |TAMS 0x0000000704400000, 0x0000000704400000| Untracked 
|  15|0x0000000704500000, 0x0000000704500000, 0x0000000704600000|  0%| F|  |TAMS 0x0000000704500000, 0x0000000704500000| Untracked 
|  16|0x0000000704600000, 0x0000000704600000, 0x0000000704700000|  0%| F|  |TAMS 0x0000000704600000, 0x0000000704600000| Untracked 
|  17|0x0000000704700000, 0x0000000704700000, 0x0000000704800000|  0%| F|  |TAMS 0x0000000704700000, 0x0000000704700000| Untracked 
|  18|0x0000000704800000, 0x0000000704800000, 0x0000000704900000|  0%| F|  |TAMS 0x0000000704800000, 0x0000000704800000| Untracked 
|  19|0x0000000704900000, 0x0000000704900000, 0x0000000704a00000|  0%| F|  |TAMS 0x0000000704900000, 0x0000000704900000| Untracked 
|  20|0x0000000704a00000, 0x0000000704a00000, 0x0000000704b00000|  0%| F|  |TAMS 0x0000000704a00000, 0x0000000704a00000| Untracked 
|  21|0x0000000704b00000, 0x0000000704b00000, 0x0000000704c00000|  0%| F|  |TAMS 0x0000000704b00000, 0x0000000704b00000| Untracked 
|  22|0x0000000704c00000, 0x0000000704c00000, 0x0000000704d00000|  0%| F|  |TAMS 0x0000000704c00000, 0x0000000704c00000| Untracked 
|  23|0x0000000704d00000, 0x0000000704d00000, 0x0000000704e00000|  0%| F|  |TAMS 0x0000000704d00000, 0x0000000704d00000| Untracked 
|  24|0x0000000704e00000, 0x0000000704e00000, 0x0000000704f00000|  0%| F|  |TAMS 0x0000000704e00000, 0x0000000704e00000| Untracked 
|  25|0x0000000704f00000, 0x0000000704f00000, 0x0000000705000000|  0%| F|  |TAMS 0x0000000704f00000, 0x0000000704f00000| Untracked 
|  26|0x0000000705000000, 0x0000000705000000, 0x0000000705100000|  0%| F|  |TAMS 0x0000000705000000, 0x0000000705000000| Untracked 
|  27|0x0000000705100000, 0x0000000705100000, 0x0000000705200000|  0%| F|  |TAMS 0x0000000705100000, 0x0000000705100000| Untracked 
|  28|0x0000000705200000, 0x0000000705200000, 0x0000000705300000|  0%| F|  |TAMS 0x0000000705200000, 0x0000000705200000| Untracked 
|  29|0x0000000705300000, 0x0000000705300000, 0x0000000705400000|  0%| F|  |TAMS 0x0000000705300000, 0x0000000705300000| Untracked 
|  30|0x0000000705400000, 0x0000000705400000, 0x0000000705500000|  0%| F|  |TAMS 0x0000000705400000, 0x0000000705400000| Untracked 
|  31|0x0000000705500000, 0x0000000705500000, 0x0000000705600000|  0%| F|  |TAMS 0x0000000705500000, 0x0000000705500000| Untracked 
|  32|0x0000000705600000, 0x0000000705600000, 0x0000000705700000|  0%| F|  |TAMS 0x0000000705600000, 0x0000000705600000| Untracked 
|  33|0x0000000705700000, 0x0000000705700000, 0x0000000705800000|  0%| F|  |TAMS 0x0000000705700000, 0x0000000705700000| Untracked 
|  34|0x0000000705800000, 0x0000000705800000, 0x0000000705900000|  0%| F|  |TAMS 0x0000000705800000, 0x0000000705800000| Untracked 
|  35|0x0000000705900000, 0x0000000705900000, 0x0000000705a00000|  0%| F|  |TAMS 0x0000000705900000, 0x0000000705900000| Untracked 
|  36|0x0000000705a00000, 0x0000000705a00000, 0x0000000705b00000|  0%| F|  |TAMS 0x0000000705a00000, 0x0000000705a00000| Untracked 
|  37|0x0000000705b00000, 0x0000000705b00000, 0x0000000705c00000|  0%| F|  |TAMS 0x0000000705b00000, 0x0000000705b00000| Untracked 
|  38|0x0000000705c00000, 0x0000000705c00000, 0x0000000705d00000|  0%| F|  |TAMS 0x0000000705c00000, 0x0000000705c00000| Untracked 
|  39|0x0000000705d00000, 0x0000000705d00000, 0x0000000705e00000|  0%| F|  |TAMS 0x0000000705d00000, 0x0000000705d00000| Untracked 
|  40|0x0000000705e00000, 0x0000000705e00000, 0x0000000705f00000|  0%| F|  |TAMS 0x0000000705e00000, 0x0000000705e00000| Untracked 
|  41|0x0000000705f00000, 0x0000000705f00000, 0x0000000706000000|  0%| F|  |TAMS 0x0000000705f00000, 0x0000000705f00000| Untracked 
|  42|0x0000000706000000, 0x0000000706000000, 0x0000000706100000|  0%| F|  |TAMS 0x0000000706000000, 0x0000000706000000| Untracked 
|  43|0x0000000706100000, 0x0000000706100000, 0x0000000706200000|  0%| F|  |TAMS 0x0000000706100000, 0x0000000706100000| Untracked 
|  44|0x0000000706200000, 0x0000000706200000, 0x0000000706300000|  0%| F|  |TAMS 0x0000000706200000, 0x0000000706200000| Untracked 
|  45|0x0000000706300000, 0x0000000706300000, 0x0000000706400000|  0%| F|  |TAMS 0x0000000706300000, 0x0000000706300000| Untracked 
|  46|0x0000000706400000, 0x0000000706400000, 0x0000000706500000|  0%| F|  |TAMS 0x0000000706400000, 0x0000000706400000| Untracked 
|  47|0x0000000706500000, 0x0000000706500000, 0x0000000706600000|  0%| F|  |TAMS 0x0000000706500000, 0x0000000706500000| Untracked 
|  48|0x0000000706600000, 0x0000000706600000, 0x0000000706700000|  0%| F|  |TAMS 0x0000000706600000, 0x0000000706600000| Untracked 
|  49|0x0000000706700000, 0x0000000706700000, 0x0000000706800000|  0%| F|  |TAMS 0x0000000706700000, 0x0000000706700000| Untracked 
|  50|0x0000000706800000, 0x0000000706800000, 0x0000000706900000|  0%| F|  |TAMS 0x0000000706800000, 0x0000000706800000| Untracked 
|  51|0x0000000706900000, 0x0000000706900000, 0x0000000706a00000|  0%| F|  |TAMS 0x0000000706900000, 0x0000000706900000| Untracked 
|  52|0x0000000706a00000, 0x0000000706a00000, 0x0000000706b00000|  0%| F|  |TAMS 0x0000000706a00000, 0x0000000706a00000| Untracked 
|  53|0x0000000706b00000, 0x0000000706b00000, 0x0000000706c00000|  0%| F|  |TAMS 0x0000000706b00000, 0x0000000706b00000| Untracked 
|  54|0x0000000706c00000, 0x0000000706c00000, 0x0000000706d00000|  0%| F|  |TAMS 0x0000000706c00000, 0x0000000706c00000| Untracked 
|  55|0x0000000706d00000, 0x0000000706d00000, 0x0000000706e00000|  0%| F|  |TAMS 0x0000000706d00000, 0x0000000706d00000| Untracked 
|  56|0x0000000706e00000, 0x0000000706e00000, 0x0000000706f00000|  0%| F|  |TAMS 0x0000000706e00000, 0x0000000706e00000| Untracked 
|  57|0x0000000706f00000, 0x0000000706f00000, 0x0000000707000000|  0%| F|  |TAMS 0x0000000706f00000, 0x0000000706f00000| Untracked 
|  58|0x0000000707000000, 0x0000000707000000, 0x0000000707100000|  0%| F|  |TAMS 0x0000000707000000, 0x0000000707000000| Untracked 
|  59|0x0000000707100000, 0x0000000707100000, 0x0000000707200000|  0%| F|  |TAMS 0x0000000707100000, 0x0000000707100000| Untracked 
|  60|0x0000000707200000, 0x0000000707200000, 0x0000000707300000|  0%| F|  |TAMS 0x0000000707200000, 0x0000000707200000| Untracked 
|  61|0x0000000707300000, 0x0000000707300000, 0x0000000707400000|  0%| F|  |TAMS 0x0000000707300000, 0x0000000707300000| Untracked 
|  62|0x0000000707400000, 0x0000000707400000, 0x0000000707500000|  0%| F|  |TAMS 0x0000000707400000, 0x0000000707400000| Untracked 
|  63|0x0000000707500000, 0x0000000707500000, 0x0000000707600000|  0%| F|  |TAMS 0x0000000707500000, 0x0000000707500000| Untracked 
|  64|0x0000000707600000, 0x0000000707600000, 0x0000000707700000|  0%| F|  |TAMS 0x0000000707600000, 0x0000000707600000| Untracked 
|  65|0x0000000707700000, 0x0000000707700000, 0x0000000707800000|  0%| F|  |TAMS 0x0000000707700000, 0x0000000707700000| Untracked 
|  66|0x0000000707800000, 0x0000000707800000, 0x0000000707900000|  0%| F|  |TAMS 0x0000000707800000, 0x0000000707800000| Untracked 
|  67|0x0000000707900000, 0x0000000707900000, 0x0000000707a00000|  0%| F|  |TAMS 0x0000000707900000, 0x0000000707900000| Untracked 
|  68|0x0000000707a00000, 0x0000000707a00000, 0x0000000707b00000|  0%| F|  |TAMS 0x0000000707a00000, 0x0000000707a00000| Untracked 
|  69|0x0000000707b00000, 0x0000000707b00000, 0x0000000707c00000|  0%| F|  |TAMS 0x0000000707b00000, 0x0000000707b00000| Untracked 
|  70|0x0000000707c00000, 0x0000000707c00000, 0x0000000707d00000|  0%| F|  |TAMS 0x0000000707c00000, 0x0000000707c00000| Untracked 
|  71|0x0000000707d00000, 0x0000000707d00000, 0x0000000707e00000|  0%| F|  |TAMS 0x0000000707d00000, 0x0000000707d00000| Untracked 
|  72|0x0000000707e00000, 0x0000000707e00000, 0x0000000707f00000|  0%| F|  |TAMS 0x0000000707e00000, 0x0000000707e00000| Untracked 
|  73|0x0000000707f00000, 0x0000000707f00000, 0x0000000708000000|  0%| F|  |TAMS 0x0000000707f00000, 0x0000000707f00000| Untracked 
|  74|0x0000000708000000, 0x0000000708000000, 0x0000000708100000|  0%| F|  |TAMS 0x0000000708000000, 0x0000000708000000| Untracked 
|  75|0x0000000708100000, 0x0000000708100000, 0x0000000708200000|  0%| F|  |TAMS 0x0000000708100000, 0x0000000708100000| Untracked 
|  76|0x0000000708200000, 0x0000000708200000, 0x0000000708300000|  0%| F|  |TAMS 0x0000000708200000, 0x0000000708200000| Untracked 
|  77|0x0000000708300000, 0x0000000708300000, 0x0000000708400000|  0%| F|  |TAMS 0x0000000708300000, 0x0000000708300000| Untracked 
|  78|0x0000000708400000, 0x0000000708400000, 0x0000000708500000|  0%| F|  |TAMS 0x0000000708400000, 0x0000000708400000| Untracked 
|  79|0x0000000708500000, 0x0000000708500000, 0x0000000708600000|  0%| F|  |TAMS 0x0000000708500000, 0x0000000708500000| Untracked 
|  80|0x0000000708600000, 0x0000000708600000, 0x0000000708700000|  0%| F|  |TAMS 0x0000000708600000, 0x0000000708600000| Untracked 
|  81|0x0000000708700000, 0x0000000708700000, 0x0000000708800000|  0%| F|  |TAMS 0x0000000708700000, 0x0000000708700000| Untracked 
|  82|0x0000000708800000, 0x0000000708800000, 0x0000000708900000|  0%| F|  |TAMS 0x0000000708800000, 0x0000000708800000| Untracked 
|  83|0x0000000708900000, 0x0000000708900000, 0x0000000708a00000|  0%| F|  |TAMS 0x0000000708900000, 0x0000000708900000| Untracked 
|  84|0x0000000708a00000, 0x0000000708a00000, 0x0000000708b00000|  0%| F|  |TAMS 0x0000000708a00000, 0x0000000708a00000| Untracked 
|  85|0x0000000708b00000, 0x0000000708b00000, 0x0000000708c00000|  0%| F|  |TAMS 0x0000000708b00000, 0x0000000708b00000| Untracked 
|  86|0x0000000708c00000, 0x0000000708c00000, 0x0000000708d00000|  0%| F|  |TAMS 0x0000000708c00000, 0x0000000708c00000| Untracked 
|  87|0x0000000708d00000, 0x0000000708d00000, 0x0000000708e00000|  0%| F|  |TAMS 0x0000000708d00000, 0x0000000708d00000| Untracked 
|  88|0x0000000708e00000, 0x0000000708e00000, 0x0000000708f00000|  0%| F|  |TAMS 0x0000000708e00000, 0x0000000708e00000| Untracked 
|  89|0x0000000708f00000, 0x0000000708f00000, 0x0000000709000000|  0%| F|  |TAMS 0x0000000708f00000, 0x0000000708f00000| Untracked 
|  90|0x0000000709000000, 0x0000000709000000, 0x0000000709100000|  0%| F|  |TAMS 0x0000000709000000, 0x0000000709000000| Untracked 
|  91|0x0000000709100000, 0x0000000709100000, 0x0000000709200000|  0%| F|  |TAMS 0x0000000709100000, 0x0000000709100000| Untracked 
|  92|0x0000000709200000, 0x0000000709200000, 0x0000000709300000|  0%| F|  |TAMS 0x0000000709200000, 0x0000000709200000| Untracked 
|  93|0x0000000709300000, 0x0000000709300000, 0x0000000709400000|  0%| F|  |TAMS 0x0000000709300000, 0x0000000709300000| Untracked 
|  94|0x0000000709400000, 0x0000000709400000, 0x0000000709500000|  0%| F|  |TAMS 0x0000000709400000, 0x0000000709400000| Untracked 
|  95|0x0000000709500000, 0x0000000709500000, 0x0000000709600000|  0%| F|  |TAMS 0x0000000709500000, 0x0000000709500000| Untracked 
|  96|0x0000000709600000, 0x0000000709600000, 0x0000000709700000|  0%| F|  |TAMS 0x0000000709600000, 0x0000000709600000| Untracked 
|  97|0x0000000709700000, 0x0000000709700000, 0x0000000709800000|  0%| F|  |TAMS 0x0000000709700000, 0x0000000709700000| Untracked 
|  98|0x0000000709800000, 0x0000000709800000, 0x0000000709900000|  0%| F|  |TAMS 0x0000000709800000, 0x0000000709800000| Untracked 
|  99|0x0000000709900000, 0x0000000709900000, 0x0000000709a00000|  0%| F|  |TAMS 0x0000000709900000, 0x0000000709900000| Untracked 
| 100|0x0000000709a00000, 0x0000000709a00000, 0x0000000709b00000|  0%| F|  |TAMS 0x0000000709a00000, 0x0000000709a00000| Untracked 
| 101|0x0000000709b00000, 0x0000000709b00000, 0x0000000709c00000|  0%| F|  |TAMS 0x0000000709b00000, 0x0000000709b00000| Untracked 
| 102|0x0000000709c00000, 0x0000000709c00000, 0x0000000709d00000|  0%| F|  |TAMS 0x0000000709c00000, 0x0000000709c00000| Untracked 
| 103|0x0000000709d00000, 0x0000000709d00000, 0x0000000709e00000|  0%| F|  |TAMS 0x0000000709d00000, 0x0000000709d00000| Untracked 
| 104|0x0000000709e00000, 0x0000000709e00000, 0x0000000709f00000|  0%| F|  |TAMS 0x0000000709e00000, 0x0000000709e00000| Untracked 
| 105|0x0000000709f00000, 0x0000000709f00000, 0x000000070a000000|  0%| F|  |TAMS 0x0000000709f00000, 0x0000000709f00000| Untracked 
| 106|0x000000070a000000, 0x000000070a000000, 0x000000070a100000|  0%| F|  |TAMS 0x000000070a000000, 0x000000070a000000| Untracked 
| 107|0x000000070a100000, 0x000000070a100000, 0x000000070a200000|  0%| F|  |TAMS 0x000000070a100000, 0x000000070a100000| Untracked 
| 108|0x000000070a200000, 0x000000070a200000, 0x000000070a300000|  0%| F|  |TAMS 0x000000070a200000, 0x000000070a200000| Untracked 
| 109|0x000000070a300000, 0x000000070a300000, 0x000000070a400000|  0%| F|  |TAMS 0x000000070a300000, 0x000000070a300000| Untracked 
| 110|0x000000070a400000, 0x000000070a400000, 0x000000070a500000|  0%| F|  |TAMS 0x000000070a400000, 0x000000070a400000| Untracked 
| 111|0x000000070a500000, 0x000000070a500000, 0x000000070a600000|  0%| F|  |TAMS 0x000000070a500000, 0x000000070a500000| Untracked 
| 112|0x000000070a600000, 0x000000070a600000, 0x000000070a700000|  0%| F|  |TAMS 0x000000070a600000, 0x000000070a600000| Untracked 
| 113|0x000000070a700000, 0x000000070a700000, 0x000000070a800000|  0%| F|  |TAMS 0x000000070a700000, 0x000000070a700000| Untracked 
| 114|0x000000070a800000, 0x000000070a800000, 0x000000070a900000|  0%| F|  |TAMS 0x000000070a800000, 0x000000070a800000| Untracked 
| 115|0x000000070a900000, 0x000000070a900000, 0x000000070aa00000|  0%| F|  |TAMS 0x000000070a900000, 0x000000070a900000| Untracked 
| 116|0x000000070aa00000, 0x000000070aa00000, 0x000000070ab00000|  0%| F|  |TAMS 0x000000070aa00000, 0x000000070aa00000| Untracked 
| 117|0x000000070ab00000, 0x000000070ab00000, 0x000000070ac00000|  0%| F|  |TAMS 0x000000070ab00000, 0x000000070ab00000| Untracked 
| 118|0x000000070ac00000, 0x000000070ac00000, 0x000000070ad00000|  0%| F|  |TAMS 0x000000070ac00000, 0x000000070ac00000| Untracked 
| 119|0x000000070ad00000, 0x000000070ad00000, 0x000000070ae00000|  0%| F|  |TAMS 0x000000070ad00000, 0x000000070ad00000| Untracked 
| 120|0x000000070ae00000, 0x000000070ae00000, 0x000000070af00000|  0%| F|  |TAMS 0x000000070ae00000, 0x000000070ae00000| Untracked 
| 121|0x000000070af00000, 0x000000070af00000, 0x000000070b000000|  0%| F|  |TAMS 0x000000070af00000, 0x000000070af00000| Untracked 
| 122|0x000000070b000000, 0x000000070b000000, 0x000000070b100000|  0%| F|  |TAMS 0x000000070b000000, 0x000000070b000000| Untracked 
| 123|0x000000070b100000, 0x000000070b100000, 0x000000070b200000|  0%| F|  |TAMS 0x000000070b100000, 0x000000070b100000| Untracked 
| 124|0x000000070b200000, 0x000000070b200000, 0x000000070b300000|  0%| F|  |TAMS 0x000000070b200000, 0x000000070b200000| Untracked 
| 125|0x000000070b300000, 0x000000070b300000, 0x000000070b400000|  0%| F|  |TAMS 0x000000070b300000, 0x000000070b300000| Untracked 
| 126|0x000000070b400000, 0x000000070b400000, 0x000000070b500000|  0%| F|  |TAMS 0x000000070b400000, 0x000000070b400000| Untracked 
| 127|0x000000070b500000, 0x000000070b500000, 0x000000070b600000|  0%| F|  |TAMS 0x000000070b500000, 0x000000070b500000| Untracked 
| 128|0x000000070b600000, 0x000000070b600000, 0x000000070b700000|  0%| F|  |TAMS 0x000000070b600000, 0x000000070b600000| Untracked 
| 129|0x000000070b700000, 0x000000070b700000, 0x000000070b800000|  0%| F|  |TAMS 0x000000070b700000, 0x000000070b700000| Untracked 
| 130|0x000000070b800000, 0x000000070b800000, 0x000000070b900000|  0%| F|  |TAMS 0x000000070b800000, 0x000000070b800000| Untracked 
| 131|0x000000070b900000, 0x000000070b900000, 0x000000070ba00000|  0%| F|  |TAMS 0x000000070b900000, 0x000000070b900000| Untracked 
| 132|0x000000070ba00000, 0x000000070ba00000, 0x000000070bb00000|  0%| F|  |TAMS 0x000000070ba00000, 0x000000070ba00000| Untracked 
| 133|0x000000070bb00000, 0x000000070bb00000, 0x000000070bc00000|  0%| F|  |TAMS 0x000000070bb00000, 0x000000070bb00000| Untracked 
| 134|0x000000070bc00000, 0x000000070bc00000, 0x000000070bd00000|  0%| F|  |TAMS 0x000000070bc00000, 0x000000070bc00000| Untracked 
| 135|0x000000070bd00000, 0x000000070bd00000, 0x000000070be00000|  0%| F|  |TAMS 0x000000070bd00000, 0x000000070bd00000| Untracked 
| 136|0x000000070be00000, 0x000000070be00000, 0x000000070bf00000|  0%| F|  |TAMS 0x000000070be00000, 0x000000070be00000| Untracked 
| 137|0x000000070bf00000, 0x000000070bf00000, 0x000000070c000000|  0%| F|  |TAMS 0x000000070bf00000, 0x000000070bf00000| Untracked 
| 138|0x000000070c000000, 0x000000070c000000, 0x000000070c100000|  0%| F|  |TAMS 0x000000070c000000, 0x000000070c000000| Untracked 
| 139|0x000000070c100000, 0x000000070c100000, 0x000000070c200000|  0%| F|  |TAMS 0x000000070c100000, 0x000000070c100000| Untracked 
| 140|0x000000070c200000, 0x000000070c200000, 0x000000070c300000|  0%| F|  |TAMS 0x000000070c200000, 0x000000070c200000| Untracked 
| 141|0x000000070c300000, 0x000000070c300000, 0x000000070c400000|  0%| F|  |TAMS 0x000000070c300000, 0x000000070c300000| Untracked 
| 142|0x000000070c400000, 0x000000070c400000, 0x000000070c500000|  0%| F|  |TAMS 0x000000070c400000, 0x000000070c400000| Untracked 
| 143|0x000000070c500000, 0x000000070c500000, 0x000000070c600000|  0%| F|  |TAMS 0x000000070c500000, 0x000000070c500000| Untracked 
| 144|0x000000070c600000, 0x000000070c600000, 0x000000070c700000|  0%| F|  |TAMS 0x000000070c600000, 0x000000070c600000| Untracked 
| 145|0x000000070c700000, 0x000000070c700000, 0x000000070c800000|  0%| F|  |TAMS 0x000000070c700000, 0x000000070c700000| Untracked 
| 146|0x000000070c800000, 0x000000070c800000, 0x000000070c900000|  0%| F|  |TAMS 0x000000070c800000, 0x000000070c800000| Untracked 
| 147|0x000000070c900000, 0x000000070c900000, 0x000000070ca00000|  0%| F|  |TAMS 0x000000070c900000, 0x000000070c900000| Untracked 
| 148|0x000000070ca00000, 0x000000070ca00000, 0x000000070cb00000|  0%| F|  |TAMS 0x000000070ca00000, 0x000000070ca00000| Untracked 
| 149|0x000000070cb00000, 0x000000070cb00000, 0x000000070cc00000|  0%| F|  |TAMS 0x000000070cb00000, 0x000000070cb00000| Untracked 
| 150|0x000000070cc00000, 0x000000070cc00000, 0x000000070cd00000|  0%| F|  |TAMS 0x000000070cc00000, 0x000000070cc00000| Untracked 
| 151|0x000000070cd00000, 0x000000070cd00000, 0x000000070ce00000|  0%| F|  |TAMS 0x000000070cd00000, 0x000000070cd00000| Untracked 
| 152|0x000000070ce00000, 0x000000070ce00000, 0x000000070cf00000|  0%| F|  |TAMS 0x000000070ce00000, 0x000000070ce00000| Untracked 
| 153|0x000000070cf00000, 0x000000070cf00000, 0x000000070d000000|  0%| F|  |TAMS 0x000000070cf00000, 0x000000070cf00000| Untracked 
| 154|0x000000070d000000, 0x000000070d000000, 0x000000070d100000|  0%| F|  |TAMS 0x000000070d000000, 0x000000070d000000| Untracked 
| 155|0x000000070d100000, 0x000000070d100000, 0x000000070d200000|  0%| F|  |TAMS 0x000000070d100000, 0x000000070d100000| Untracked 
| 156|0x000000070d200000, 0x000000070d200000, 0x000000070d300000|  0%| F|  |TAMS 0x000000070d200000, 0x000000070d200000| Untracked 
| 157|0x000000070d300000, 0x000000070d300000, 0x000000070d400000|  0%| F|  |TAMS 0x000000070d300000, 0x000000070d300000| Untracked 
| 158|0x000000070d400000, 0x000000070d400000, 0x000000070d500000|  0%| F|  |TAMS 0x000000070d400000, 0x000000070d400000| Untracked 
| 159|0x000000070d500000, 0x000000070d500000, 0x000000070d600000|  0%| F|  |TAMS 0x000000070d500000, 0x000000070d500000| Untracked 
| 160|0x000000070d600000, 0x000000070d600000, 0x000000070d700000|  0%| F|  |TAMS 0x000000070d600000, 0x000000070d600000| Untracked 
| 161|0x000000070d700000, 0x000000070d700000, 0x000000070d800000|  0%| F|  |TAMS 0x000000070d700000, 0x000000070d700000| Untracked 
| 162|0x000000070d800000, 0x000000070d800000, 0x000000070d900000|  0%| F|  |TAMS 0x000000070d800000, 0x000000070d800000| Untracked 
| 163|0x000000070d900000, 0x000000070d900000, 0x000000070da00000|  0%| F|  |TAMS 0x000000070d900000, 0x000000070d900000| Untracked 
| 164|0x000000070da00000, 0x000000070da00000, 0x000000070db00000|  0%| F|  |TAMS 0x000000070da00000, 0x000000070da00000| Untracked 
| 165|0x000000070db00000, 0x000000070db00000, 0x000000070dc00000|  0%| F|  |TAMS 0x000000070db00000, 0x000000070db00000| Untracked 
| 166|0x000000070dc00000, 0x000000070dc00000, 0x000000070dd00000|  0%| F|  |TAMS 0x000000070dc00000, 0x000000070dc00000| Untracked 
| 167|0x000000070dd00000, 0x000000070dd00000, 0x000000070de00000|  0%| F|  |TAMS 0x000000070dd00000, 0x000000070dd00000| Untracked 
| 168|0x000000070de00000, 0x000000070de00000, 0x000000070df00000|  0%| F|  |TAMS 0x000000070de00000, 0x000000070de00000| Untracked 
| 169|0x000000070df00000, 0x000000070df00000, 0x000000070e000000|  0%| F|  |TAMS 0x000000070df00000, 0x000000070df00000| Untracked 
| 170|0x000000070e000000, 0x000000070e000000, 0x000000070e100000|  0%| F|  |TAMS 0x000000070e000000, 0x000000070e000000| Untracked 
| 171|0x000000070e100000, 0x000000070e100000, 0x000000070e200000|  0%| F|  |TAMS 0x000000070e100000, 0x000000070e100000| Untracked 
| 172|0x000000070e200000, 0x000000070e200000, 0x000000070e300000|  0%| F|  |TAMS 0x000000070e200000, 0x000000070e200000| Untracked 
| 173|0x000000070e300000, 0x000000070e300000, 0x000000070e400000|  0%| F|  |TAMS 0x000000070e300000, 0x000000070e300000| Untracked 
| 174|0x000000070e400000, 0x000000070e400000, 0x000000070e500000|  0%| F|  |TAMS 0x000000070e400000, 0x000000070e400000| Untracked 
| 175|0x000000070e500000, 0x000000070e500000, 0x000000070e600000|  0%| F|  |TAMS 0x000000070e500000, 0x000000070e500000| Untracked 
| 176|0x000000070e600000, 0x000000070e600000, 0x000000070e700000|  0%| F|  |TAMS 0x000000070e600000, 0x000000070e600000| Untracked 
| 177|0x000000070e700000, 0x000000070e700000, 0x000000070e800000|  0%| F|  |TAMS 0x000000070e700000, 0x000000070e700000| Untracked 
| 178|0x000000070e800000, 0x000000070e800000, 0x000000070e900000|  0%| F|  |TAMS 0x000000070e800000, 0x000000070e800000| Untracked 
| 179|0x000000070e900000, 0x000000070e900000, 0x000000070ea00000|  0%| F|  |TAMS 0x000000070e900000, 0x000000070e900000| Untracked 
| 180|0x000000070ea00000, 0x000000070ea00000, 0x000000070eb00000|  0%| F|  |TAMS 0x000000070ea00000, 0x000000070ea00000| Untracked 
| 181|0x000000070eb00000, 0x000000070eb00000, 0x000000070ec00000|  0%| F|  |TAMS 0x000000070eb00000, 0x000000070eb00000| Untracked 
| 182|0x000000070ec00000, 0x000000070ec00000, 0x000000070ed00000|  0%| F|  |TAMS 0x000000070ec00000, 0x000000070ec00000| Untracked 
| 183|0x000000070ed00000, 0x000000070ed00000, 0x000000070ee00000|  0%| F|  |TAMS 0x000000070ed00000, 0x000000070ed00000| Untracked 
| 184|0x000000070ee00000, 0x000000070ee00000, 0x000000070ef00000|  0%| F|  |TAMS 0x000000070ee00000, 0x000000070ee00000| Untracked 
| 185|0x000000070ef00000, 0x000000070ef00000, 0x000000070f000000|  0%| F|  |TAMS 0x000000070ef00000, 0x000000070ef00000| Untracked 
| 186|0x000000070f000000, 0x000000070f000000, 0x000000070f100000|  0%| F|  |TAMS 0x000000070f000000, 0x000000070f000000| Untracked 
| 187|0x000000070f100000, 0x000000070f100000, 0x000000070f200000|  0%| F|  |TAMS 0x000000070f100000, 0x000000070f100000| Untracked 
| 188|0x000000070f200000, 0x000000070f200000, 0x000000070f300000|  0%| F|  |TAMS 0x000000070f200000, 0x000000070f200000| Untracked 
| 189|0x000000070f300000, 0x000000070f300000, 0x000000070f400000|  0%| F|  |TAMS 0x000000070f300000, 0x000000070f300000| Untracked 
| 190|0x000000070f400000, 0x000000070f400000, 0x000000070f500000|  0%| F|  |TAMS 0x000000070f400000, 0x000000070f400000| Untracked 
| 191|0x000000070f500000, 0x000000070f500000, 0x000000070f600000|  0%| F|  |TAMS 0x000000070f500000, 0x000000070f500000| Untracked 
| 192|0x000000070f600000, 0x000000070f600000, 0x000000070f700000|  0%| F|  |TAMS 0x000000070f600000, 0x000000070f600000| Untracked 
| 193|0x000000070f700000, 0x000000070f700000, 0x000000070f800000|  0%| F|  |TAMS 0x000000070f700000, 0x000000070f700000| Untracked 
| 194|0x000000070f800000, 0x000000070f800000, 0x000000070f900000|  0%| F|  |TAMS 0x000000070f800000, 0x000000070f800000| Untracked 
| 195|0x000000070f900000, 0x000000070f900000, 0x000000070fa00000|  0%| F|  |TAMS 0x000000070f900000, 0x000000070f900000| Untracked 
| 196|0x000000070fa00000, 0x000000070fa00000, 0x000000070fb00000|  0%| F|  |TAMS 0x000000070fa00000, 0x000000070fa00000| Untracked 
| 197|0x000000070fb00000, 0x000000070fb00000, 0x000000070fc00000|  0%| F|  |TAMS 0x000000070fb00000, 0x000000070fb00000| Untracked 
| 198|0x000000070fc00000, 0x000000070fc00000, 0x000000070fd00000|  0%| F|  |TAMS 0x000000070fc00000, 0x000000070fc00000| Untracked 
| 199|0x000000070fd00000, 0x000000070fd00000, 0x000000070fe00000|  0%| F|  |TAMS 0x000000070fd00000, 0x000000070fd00000| Untracked 
| 200|0x000000070fe00000, 0x000000070fe00000, 0x000000070ff00000|  0%| F|  |TAMS 0x000000070fe00000, 0x000000070fe00000| Untracked 
| 201|0x000000070ff00000, 0x000000070ff00000, 0x0000000710000000|  0%| F|  |TAMS 0x000000070ff00000, 0x000000070ff00000| Untracked 
| 202|0x0000000710000000, 0x0000000710000000, 0x0000000710100000|  0%| F|  |TAMS 0x0000000710000000, 0x0000000710000000| Untracked 
| 203|0x0000000710100000, 0x0000000710100000, 0x0000000710200000|  0%| F|  |TAMS 0x0000000710100000, 0x0000000710100000| Untracked 
| 204|0x0000000710200000, 0x00000007102a9e70, 0x0000000710300000| 66%| S|CS|TAMS 0x0000000710200000, 0x0000000710200000| Complete 
| 205|0x0000000710300000, 0x0000000710400000, 0x0000000710400000|100%| S|CS|TAMS 0x0000000710300000, 0x0000000710300000| Complete 
| 206|0x0000000710400000, 0x0000000710500000, 0x0000000710500000|100%| S|CS|TAMS 0x0000000710400000, 0x0000000710400000| Complete 
| 207|0x0000000710500000, 0x0000000710600000, 0x0000000710600000|100%| S|CS|TAMS 0x0000000710500000, 0x0000000710500000| Complete 
| 208|0x0000000710600000, 0x0000000710700000, 0x0000000710700000|100%| S|CS|TAMS 0x0000000710600000, 0x0000000710600000| Complete 
| 209|0x0000000710700000, 0x0000000710800000, 0x0000000710800000|100%| S|CS|TAMS 0x0000000710700000, 0x0000000710700000| Complete 
| 210|0x0000000710800000, 0x0000000710900000, 0x0000000710900000|100%| S|CS|TAMS 0x0000000710800000, 0x0000000710800000| Complete 
| 211|0x0000000710900000, 0x0000000710900000, 0x0000000710a00000|  0%| F|  |TAMS 0x0000000710900000, 0x0000000710900000| Untracked 
| 212|0x0000000710a00000, 0x0000000710a00000, 0x0000000710b00000|  0%| F|  |TAMS 0x0000000710a00000, 0x0000000710a00000| Untracked 
| 213|0x0000000710b00000, 0x0000000710b00000, 0x0000000710c00000|  0%| F|  |TAMS 0x0000000710b00000, 0x0000000710b00000| Untracked 
| 214|0x0000000710c00000, 0x0000000710c00000, 0x0000000710d00000|  0%| F|  |TAMS 0x0000000710c00000, 0x0000000710c00000| Untracked 
| 215|0x0000000710d00000, 0x0000000710d00000, 0x0000000710e00000|  0%| F|  |TAMS 0x0000000710d00000, 0x0000000710d00000| Untracked 
| 216|0x0000000710e00000, 0x0000000710e00000, 0x0000000710f00000|  0%| F|  |TAMS 0x0000000710e00000, 0x0000000710e00000| Untracked 
| 217|0x0000000710f00000, 0x0000000710f00000, 0x0000000711000000|  0%| F|  |TAMS 0x0000000710f00000, 0x0000000710f00000| Untracked 
| 218|0x0000000711000000, 0x0000000711000000, 0x0000000711100000|  0%| F|  |TAMS 0x0000000711000000, 0x0000000711000000| Untracked 
| 219|0x0000000711100000, 0x0000000711100000, 0x0000000711200000|  0%| F|  |TAMS 0x0000000711100000, 0x0000000711100000| Untracked 
| 220|0x0000000711200000, 0x0000000711300000, 0x0000000711300000|100%| E|  |TAMS 0x0000000711200000, 0x0000000711200000| Complete 
| 221|0x0000000711300000, 0x0000000711400000, 0x0000000711400000|100%| E|CS|TAMS 0x0000000711300000, 0x0000000711300000| Complete 
| 222|0x0000000711400000, 0x0000000711500000, 0x0000000711500000|100%| E|CS|TAMS 0x0000000711400000, 0x0000000711400000| Complete 
| 223|0x0000000711500000, 0x0000000711600000, 0x0000000711600000|100%| E|CS|TAMS 0x0000000711500000, 0x0000000711500000| Complete 
| 224|0x0000000711600000, 0x0000000711700000, 0x0000000711700000|100%| E|CS|TAMS 0x0000000711600000, 0x0000000711600000| Complete 
| 225|0x0000000711700000, 0x0000000711800000, 0x0000000711800000|100%| E|CS|TAMS 0x0000000711700000, 0x0000000711700000| Complete 
| 226|0x0000000711800000, 0x0000000711900000, 0x0000000711900000|100%| E|CS|TAMS 0x0000000711800000, 0x0000000711800000| Complete 
| 227|0x0000000711900000, 0x0000000711a00000, 0x0000000711a00000|100%| E|CS|TAMS 0x0000000711900000, 0x0000000711900000| Complete 
| 228|0x0000000711a00000, 0x0000000711b00000, 0x0000000711b00000|100%| E|CS|TAMS 0x0000000711a00000, 0x0000000711a00000| Complete 
| 229|0x0000000711b00000, 0x0000000711c00000, 0x0000000711c00000|100%| E|CS|TAMS 0x0000000711b00000, 0x0000000711b00000| Complete 
| 230|0x0000000711c00000, 0x0000000711d00000, 0x0000000711d00000|100%| E|CS|TAMS 0x0000000711c00000, 0x0000000711c00000| Complete 
| 231|0x0000000711d00000, 0x0000000711e00000, 0x0000000711e00000|100%| E|CS|TAMS 0x0000000711d00000, 0x0000000711d00000| Complete 
| 232|0x0000000711e00000, 0x0000000711f00000, 0x0000000711f00000|100%| E|CS|TAMS 0x0000000711e00000, 0x0000000711e00000| Complete 
| 233|0x0000000711f00000, 0x0000000712000000, 0x0000000712000000|100%| E|CS|TAMS 0x0000000711f00000, 0x0000000711f00000| Complete 
| 234|0x0000000712000000, 0x0000000712100000, 0x0000000712100000|100%| E|CS|TAMS 0x0000000712000000, 0x0000000712000000| Complete 
| 235|0x0000000712100000, 0x0000000712200000, 0x0000000712200000|100%| E|CS|TAMS 0x0000000712100000, 0x0000000712100000| Complete 
| 236|0x0000000712200000, 0x0000000712300000, 0x0000000712300000|100%| E|CS|TAMS 0x0000000712200000, 0x0000000712200000| Complete 
| 237|0x0000000712300000, 0x0000000712400000, 0x0000000712400000|100%| E|CS|TAMS 0x0000000712300000, 0x0000000712300000| Complete 
| 238|0x0000000712400000, 0x0000000712500000, 0x0000000712500000|100%| E|CS|TAMS 0x0000000712400000, 0x0000000712400000| Complete 
| 239|0x0000000712500000, 0x0000000712600000, 0x0000000712600000|100%| E|CS|TAMS 0x0000000712500000, 0x0000000712500000| Complete 
| 240|0x0000000712600000, 0x0000000712700000, 0x0000000712700000|100%| E|CS|TAMS 0x0000000712600000, 0x0000000712600000| Complete 
| 241|0x0000000712700000, 0x0000000712800000, 0x0000000712800000|100%| E|CS|TAMS 0x0000000712700000, 0x0000000712700000| Complete 
| 242|0x0000000712800000, 0x0000000712900000, 0x0000000712900000|100%| E|CS|TAMS 0x0000000712800000, 0x0000000712800000| Complete 
| 243|0x0000000712900000, 0x0000000712a00000, 0x0000000712a00000|100%| E|CS|TAMS 0x0000000712900000, 0x0000000712900000| Complete 
| 244|0x0000000712a00000, 0x0000000712b00000, 0x0000000712b00000|100%| E|CS|TAMS 0x0000000712a00000, 0x0000000712a00000| Complete 
| 245|0x0000000712b00000, 0x0000000712c00000, 0x0000000712c00000|100%| E|CS|TAMS 0x0000000712b00000, 0x0000000712b00000| Complete 
| 246|0x0000000712c00000, 0x0000000712d00000, 0x0000000712d00000|100%| E|CS|TAMS 0x0000000712c00000, 0x0000000712c00000| Complete 
| 247|0x0000000712d00000, 0x0000000712e00000, 0x0000000712e00000|100%| E|CS|TAMS 0x0000000712d00000, 0x0000000712d00000| Complete 
| 248|0x0000000712e00000, 0x0000000712f00000, 0x0000000712f00000|100%| E|CS|TAMS 0x0000000712e00000, 0x0000000712e00000| Complete 
| 249|0x0000000712f00000, 0x0000000713000000, 0x0000000713000000|100%| E|CS|TAMS 0x0000000712f00000, 0x0000000712f00000| Complete 
| 250|0x0000000713000000, 0x0000000713100000, 0x0000000713100000|100%| E|CS|TAMS 0x0000000713000000, 0x0000000713000000| Complete 
| 251|0x0000000713100000, 0x0000000713200000, 0x0000000713200000|100%| E|CS|TAMS 0x0000000713100000, 0x0000000713100000| Complete 
| 252|0x0000000713200000, 0x0000000713300000, 0x0000000713300000|100%| E|CS|TAMS 0x0000000713200000, 0x0000000713200000| Complete 
| 253|0x0000000713300000, 0x0000000713400000, 0x0000000713400000|100%| E|CS|TAMS 0x0000000713300000, 0x0000000713300000| Complete 

Card table byte_map: [0x000001401f750000,0x000001401ff40000] _byte_map_base: 0x000001401bf35000

Marking Bits (Prev, Next): (CMBitMap*) 0x000001400c165bb0, (CMBitMap*) 0x000001400c165b78
 Prev Bits: [0x0000014024660000, 0x0000014028588000)
 Next Bits: [0x0000014020730000, 0x0000014024658000)

Polling page: 0x000001400a090000

Metaspace:

Usage:
  Non-class:     26.95 MB capacity,    26.67 MB ( 99%) used,   231.77 KB ( <1%) free+waste,    47.94 KB ( <1%) overhead. 
      Class:      3.81 MB capacity,     3.64 MB ( 96%) used,   147.43 KB (  4%) free+waste,    23.31 KB ( <1%) overhead. 
       Both:     30.76 MB capacity,    30.32 MB ( 99%) used,   379.20 KB (  1%) free+waste,    71.25 KB ( <1%) overhead. 

Virtual space:
  Non-class space:       28.00 MB reserved,      27.17 MB ( 97%) committed 
      Class space:        1.00 GB reserved,       3.88 MB ( <1%) committed 
             Both:        1.03 GB reserved,      31.05 MB (  3%) committed 

Chunk freelists:
   Non-Class:  39.00 KB
       Class:  1.00 KB
        Both:  40.00 KB

MaxMetaspaceSize: 17179869184.00 GB
CompressedClassSpaceSize: 1.00 GB
Initial GC threshold: 20.80 MB
Current GC threshold: 35.08 MB
CDS: off

CodeHeap 'non-profiled nmethods': size=120000Kb used=817Kb max_used=817Kb free=119182Kb
 bounds [0x00000140176f0000, 0x0000014017960000, 0x000001401ec20000]
CodeHeap 'profiled nmethods': size=120000Kb used=4293Kb max_used=4293Kb free=115707Kb
 bounds [0x00000140101c0000, 0x0000014010600000, 0x00000140176f0000]
CodeHeap 'non-nmethods': size=5760Kb used=1247Kb max_used=1265Kb free=4512Kb
 bounds [0x000001400fc20000, 0x000001400fe90000, 0x00000140101c0000]
 total_blobs=2718 nmethods=2202 adapters=428
 compilation: enabled
              stopped_count=0, restarted_count=0
 full_count=0

Compilation events (20 events):
Event: 2.210 Thread 0x000001402ba57000 nmethod 2173 0x00000140105e8d90 code [0x00000140105e8f40, 0x00000140105e9098]
Event: 2.244 Thread 0x000001402bbd1800 2174       4       java.lang.Module::isNamed (13 bytes)
Event: 2.245 Thread 0x000001402bbd1800 nmethod 2174 0x00000140177b5310 code [0x00000140177b54a0, 0x00000140177b5518]
Event: 2.260 Thread 0x000001402ba53000 2176       4       java.util.jar.JarFile::getEntry (22 bytes)
Event: 2.265 Thread 0x000001402bbd1800 2177   !   4       jdk.internal.loader.URLClassPath$JarLoader::ensureOpen (36 bytes)
Event: 2.267 Thread 0x000001402bbd1800 nmethod 2177 0x00000140177b5610 code [0x00000140177b57c0, 0x00000140177b5908]
Event: 2.273 Thread 0x000001402ba57000 2178       3       jdk.internal.reflect.ReflectionFactory::getExecutableSharedParameterTypes (10 bytes)
Event: 2.273 Thread 0x000001402ba57000 nmethod 2178 0x00000140105e9110 code [0x00000140105e9300, 0x00000140105e96a8]
Event: 2.273 Thread 0x000001402ba57000 2179       3       java.lang.reflect.ReflectAccess::getExecutableSharedParameterTypes (5 bytes)
Event: 2.273 Thread 0x000001402ba57000 nmethod 2179 0x00000140105e9810 code [0x00000140105e99c0, 0x00000140105e9b88]
Event: 2.282 Thread 0x000001402bbd1800 2180   !   4       jdk.internal.loader.URLClassPath$JarLoader::getResource (65 bytes)
Event: 2.290 Thread 0x000001402ba57000 2181       1       java.lang.reflect.Constructor::getSharedParameterTypes (5 bytes)
Event: 2.290 Thread 0x000001402ba57000 nmethod 2181 0x00000140177b5a10 code [0x00000140177b5bc0, 0x00000140177b5c78]
Event: 2.307 Thread 0x000001402ba53000 nmethod 2176 0x00000140177b5d10 code [0x00000140177b6000, 0x00000140177b7b20]
Event: 2.307 Thread 0x000001402ba53000 2182   !   4       java.util.zip.ZipFile$ZipFileInputStream::close (59 bytes)
Event: 2.318 Thread 0x000001402ba53000 nmethod 2182 0x00000140177b8610 code [0x00000140177b87e0, 0x00000140177b8fb8]
Event: 2.318 Thread 0x000001402ba53000 2183  s!   4       jdk.internal.loader.URLClassPath::getLoader (194 bytes)
Event: 2.322 Thread 0x000001402ba57000 2184       3       java.lang.Class::privateGetDeclaredConstructors (79 bytes)
Event: 2.323 Thread 0x000001402ba57000 nmethod 2184 0x00000140105e9c90 code [0x00000140105e9ea0, 0x00000140105ea3c8]
Event: 2.323 Thread 0x000001402ba57000 2185       3       jdk.internal.reflect.ReflectionFactory::copyConstructor (10 bytes)

GC Heap History (4 events):
Event: 0.755 GC heap before
{Heap before GC invocations=0 (full 0):
 garbage-first heap   total 260096K, used 27648K [0x0000000703600000, 0x0000000800000000)
  region size 1024K, 24 young (24576K), 0 survivors (0K)
 Metaspace       used 12167K, capacity 12286K, committed 12416K, reserved 1060864K
  class space    used 1084K, capacity 1113K, committed 1152K, reserved 1048576K
}
Event: 0.758 GC heap after
{Heap after GC invocations=1 (full 0):
 garbage-first heap   total 260096K, used 6202K [0x0000000703600000, 0x0000000800000000)
  region size 1024K, 3 young (3072K), 3 survivors (3072K)
 Metaspace       used 12167K, capacity 12286K, committed 12416K, reserved 1060864K
  class space    used 1084K, capacity 1113K, committed 1152K, reserved 1048576K
}
Event: 1.582 GC heap before
{Heap before GC invocations=1 (full 0):
 garbage-first heap   total 260096K, used 46138K [0x0000000703600000, 0x0000000800000000)
  region size 1024K, 43 young (44032K), 3 survivors (3072K)
 Metaspace       used 20899K, capacity 21166K, committed 21296K, reserved 1069056K
  class space    used 2253K, capacity 2376K, committed 2432K, reserved 1048576K
}
Event: 1.594 GC heap after
{Heap after GC invocations=2 (full 0):
 garbage-first heap   total 260096K, used 9953K [0x0000000703600000, 0x0000000800000000)
  region size 1024K, 7 young (7168K), 7 survivors (7168K)
 Metaspace       used 20899K, capacity 21166K, committed 21296K, reserved 1069056K
  class space    used 2253K, capacity 2376K, committed 2432K, reserved 1048576K
}

Deoptimization events (20 events):
Event: 1.969 Thread 0x000001400c102800 Uncommon trap: trap_request=0xffffffde fr.pc=0x0000014017734204 relative=0x0000000000000064
Event: 1.969 Thread 0x000001400c102800 Uncommon trap: reason=class_check action=maybe_recompile pc=0x0000014017734204 method=java.util.Collections$UnmodifiableCollection.size()I @ 4 c2
Event: 1.969 Thread 0x000001400c102800 DEOPT PACKING pc=0x0000014017734204 sp=0x0000000dd41fbc30
Event: 1.969 Thread 0x000001400c102800 DEOPT UNPACKING pc=0x000001400fc285af sp=0x0000000dd41fbbc0 mode 2
Event: 1.969 Thread 0x000001400c102800 Uncommon trap: trap_request=0xffffffcc fr.pc=0x00000140177aa370 relative=0x00000000000001b0
Event: 1.969 Thread 0x000001400c102800 Uncommon trap: reason=intrinsic_or_type_checked_inlining action=make_not_entrant pc=0x00000140177aa370 method=java.util.Arrays.copyOf([Ljava/lang/Object;ILjava/lang/Class;)[Ljava/lang/Object; @ 35 c2
Event: 1.969 Thread 0x000001400c102800 DEOPT PACKING pc=0x00000140177aa370 sp=0x0000000dd41fbb50
Event: 1.969 Thread 0x000001400c102800 DEOPT UNPACKING pc=0x000001400fc285af sp=0x0000000dd41fbaf8 mode 2
Event: 1.970 Thread 0x000001400c102800 Uncommon trap: trap_request=0xffffffde fr.pc=0x0000014017734204 relative=0x0000000000000064
Event: 1.970 Thread 0x000001400c102800 Uncommon trap: reason=class_check action=maybe_recompile pc=0x0000014017734204 method=java.util.Collections$UnmodifiableCollection.size()I @ 4 c2
Event: 1.970 Thread 0x000001400c102800 DEOPT PACKING pc=0x0000014017734204 sp=0x0000000dd41fbc30
Event: 1.970 Thread 0x000001400c102800 DEOPT UNPACKING pc=0x000001400fc285af sp=0x0000000dd41fbbc0 mode 2
Event: 2.019 Thread 0x000001400c102800 Uncommon trap: trap_request=0xffffff4d fr.pc=0x0000014017772694 relative=0x00000000000005d4
Event: 2.019 Thread 0x000001400c102800 Uncommon trap: reason=unstable_if action=reinterpret pc=0x0000014017772694 method=java.lang.Integer.getChars(II[B)I @ 25 c2
Event: 2.019 Thread 0x000001400c102800 DEOPT PACKING pc=0x0000014017772694 sp=0x0000000dd41fe250
Event: 2.019 Thread 0x000001400c102800 DEOPT UNPACKING pc=0x000001400fc285af sp=0x0000000dd41fe140 mode 2
Event: 2.104 Thread 0x000001400c102800 Uncommon trap: trap_request=0xffffff4d fr.pc=0x0000014017760f38 relative=0x0000000000000198
Event: 2.104 Thread 0x000001400c102800 Uncommon trap: reason=unstable_if action=reinterpret pc=0x0000014017760f38 method=java.lang.String.startsWith(Ljava/lang/String;I)Z @ 1 c2
Event: 2.104 Thread 0x000001400c102800 DEOPT PACKING pc=0x0000014017760f38 sp=0x0000000dd41fd9a0
Event: 2.104 Thread 0x000001400c102800 DEOPT UNPACKING pc=0x000001400fc285af sp=0x0000000dd41fd910 mode 2

Classes redefined (0 events):
No events

Internal exceptions (20 events):
Event: 1.272 Thread 0x000001400c102800 Exception <a 'java/lang/NoSuchMethodError'{0x00000007117f9df0}: 'long java.lang.invoke.Invokers$Holder.invoke_MT(java.lang.Object, java.lang.Object, java.lang.Object, java.lang.Object)'> (0x00000007117f9df0) thrown at [src/hotspot/share/interpreter/linkResolver.cpp, line 773]
Event: 1.272 Thread 0x000001400c102800 Exception <a 'java/lang/NoSuchMethodError'{0x00000007117fd470}: 'long java.lang.invoke.DelegatingMethodHandle$Holder.reinvoke_L(java.lang.Object, java.lang.Object, java.lang.Object)'> (0x00000007117fd470) thrown at [src/hotspot/share/interpreter/linkResolver.cpp, line 773]
Event: 1.274 Thread 0x000001400c102800 Exception <a 'java/lang/NoSuchMethodError'{0x00000007116077d0}: 'int java.lang.invoke.DirectMethodHandle$Holder.invokeSpecial(java.lang.Object, java.lang.Object, java.lang.Object, java.lang.Object)'> (0x00000007116077d0) thrown at [src/hotspot/share/interpreter/linkResolver.cpp, line 773]
Event: 1.276 Thread 0x000001400c102800 Exception <a 'java/lang/NoSuchMethodError'{0x00000007116165b0}: 'int java.lang.invoke.DelegatingMethodHandle$Holder.reinvoke_L(java.lang.Object, java.lang.Object, java.lang.Object, long, int)'> (0x00000007116165b0) thrown at [src/hotspot/share/interpreter/linkResolver.cpp, line 773]
Event: 1.399 Thread 0x000001400c102800 Exception <a 'java/lang/NoSuchMethodError'{0x0000000711274420}: 'int java.lang.invoke.DirectMethodHandle$Holder.invokeSpecialIFC(java.lang.Object, java.lang.Object, int)'> (0x0000000711274420) thrown at [src/hotspot/share/interpreter/linkResolver.cpp, line 773]
Event: 1.630 Thread 0x000001400c102800 Exception <a 'java/lang/NoSuchMethodError'{0x000000071317f458}: 'java.lang.Object java.lang.invoke.DirectMethodHandle$Holder.invokeStaticInit(java.lang.Object, int)'> (0x000000071317f458) thrown at [src/hotspot/share/interpreter/linkResolver.cpp, line 773]
Event: 1.663 Thread 0x000001400c102800 Exception <a 'java/lang/NoSuchMethodError'{0x0000000712f55be8}: 'long java.lang.invoke.DirectMethodHandle$Holder.invokeStatic(java.lang.Object)'> (0x0000000712f55be8) thrown at [src/hotspot/share/interpreter/linkResolver.cpp, line 773]
Event: 1.663 Thread 0x000001400c102800 Exception <a 'java/lang/NoSuchMethodError'{0x0000000712f58a40}: 'long java.lang.invoke.DirectMethodHandle$Holder.invokeStaticInit(java.lang.Object)'> (0x0000000712f58a40) thrown at [src/hotspot/share/interpreter/linkResolver.cpp, line 773]
Event: 1.720 Thread 0x000001400c102800 Exception <a 'java/lang/NoSuchMethodError'{0x0000000712b06b38}: 'int java.lang.invoke.DirectMethodHandle$Holder.invokeStaticInit(java.lang.Object, java.lang.Object, java.lang.Object)'> (0x0000000712b06b38) thrown at [src/hotspot/share/interpreter/linkResolver.cpp, line 773]
Event: 1.726 Thread 0x000001400c102800 Exception <a 'java/lang/NoSuchMethodError'{0x0000000712b31ab8}: 'int java.lang.invoke.DirectMethodHandle$Holder.invokeStaticInit(java.lang.Object, java.lang.Object)'> (0x0000000712b31ab8) thrown at [src/hotspot/share/interpreter/linkResolver.cpp, line 773]
Event: 1.769 Thread 0x000001400c102800 Exception <a 'java/lang/NoSuchMethodError'{0x0000000712949170}: 'void java.lang.invoke.DirectMethodHandle$Holder.invokeSpecial(java.lang.Object, java.lang.Object)'> (0x0000000712949170) thrown at [src/hotspot/share/interpreter/linkResolver.cpp, line 773]
Event: 1.964 Thread 0x000001400c102800 Exception <a 'java/lang/NoSuchMethodError'{0x00000007121e2450}: 'java.lang.Object java.lang.invoke.DirectMethodHandle$Holder.invokeStatic(java.lang.Object, java.lang.Object, java.lang.Object, java.lang.Object, java.lang.Object, java.lang.Object, java.lang.Object, java.lang.Object, java.lang.Object, java.lang.Object, java.lang.Object, java.lang.Object, java.lang.Object, java.lang.Object, java.lang.Object)'> (0x00000007121e2450) thrown at [src/hotspot/share/interpreter/linkResolver.cpp, line 773]
Event: 1.966 Thread 0x000001400c102800 Exception <a 'java/lang/NoSuchMethodError'{0x00000007121f0458}: 'java.lang.Object java.lang.invoke.DirectMethodHandle$Holder.invokeStatic(java.lang.Object, java.lang.Object, java.lang.Object, java.lang.Object, java.lang.Object, java.lang.Object, java.lang.Object, java.lang.Object, java.lang.Object, java.lang.Object, java.lang.Object, java.lang.Object, java.lang.Object, java.lang.Object, java.lang.Object, java.lang.Object)'> (0x00000007121f0458) thrown at [src/hotspot/share/interpreter/linkResolver.cpp, lin
Event: 1.967 Thread 0x000001400c102800 Exception <a 'java/lang/NoSuchMethodError'{0x00000007121fe370}: 'java.lang.Object java.lang.invoke.DirectMethodHandle$Holder.invokeSpecial(java.lang.Object, java.lang.Object, int, int, java.lang.Object, java.lang.Object, java.lang.Object)'> (0x00000007121fe370) thrown at [src/hotspot/share/interpreter/linkResolver.cpp, line 773]
Event: 1.967 Thread 0x000001400c102800 Exception <a 'java/lang/NoSuchMethodError'{0x0000000712002048}: 'java.lang.Object java.lang.invoke.DelegatingMethodHandle$Holder.reinvoke_L(java.lang.Object, int, int, java.lang.Object, java.lang.Object, java.lang.Object)'> (0x0000000712002048) thrown at [src/hotspot/share/interpreter/linkResolver.cpp, line 773]
Event: 1.968 Thread 0x000001400c102800 Exception <a 'java/lang/NoSuchMethodError'{0x00000007120063d0}: 'java.lang.Object java.lang.invoke.DirectMethodHandle$Holder.invokeStatic(java.lang.Object, java.lang.Object, java.lang.Object, java.lang.Object, int)'> (0x00000007120063d0) thrown at [src/hotspot/share/interpreter/linkResolver.cpp, line 773]
Event: 2.020 Thread 0x000001400c102800 Exception <a 'java/lang/NoSuchMethodError'{0x0000000711f2e7e0}: 'void java.lang.invoke.DirectMethodHandle$Holder.invokeStatic(java.lang.Object, java.lang.Object, java.lang.Object, java.lang.Object)'> (0x0000000711f2e7e0) thrown at [src/hotspot/share/interpreter/linkResolver.cpp, line 773]
Event: 2.086 Thread 0x000001400c102800 Exception <a 'java/lang/NoSuchMethodError'{0x0000000711b1cea0}: 'void java.lang.invoke.DirectMethodHandle$Holder.invokeStaticInit(java.lang.Object, java.lang.Object)'> (0x0000000711b1cea0) thrown at [src/hotspot/share/interpreter/linkResolver.cpp, line 773]
Event: 2.178 Thread 0x000001400c102800 Exception <a 'java/lang/NoSuchMethodError'{0x000000071162c5b8}: 'void java.lang.invoke.DirectMethodHandle$Holder.invokeVirtual(java.lang.Object, java.lang.Object)'> (0x000000071162c5b8) thrown at [src/hotspot/share/interpreter/linkResolver.cpp, line 773]
Event: 2.189 Thread 0x000001400c102800 Exception <a 'java/lang/NoSuchMethodError'{0x00000007116c5780}: 'int java.lang.invoke.DirectMethodHandle$Holder.invokeVirtual(java.lang.Object, java.lang.Object)'> (0x00000007116c5780) thrown at [src/hotspot/share/interpreter/linkResolver.cpp, line 773]

Events (20 events):
Event: 2.318 loading class org/jetbrains/kotlin/psi/KtSuperTypeEntry
Event: 2.318 loading class org/jetbrains/kotlin/psi/KtSuperTypeEntry done
Event: 2.319 loading class org/jetbrains/kotlin/psi/KtConstructorCalleeExpression
Event: 2.319 loading class org/jetbrains/kotlin/psi/KtConstructorCalleeExpression done
Event: 2.319 loading class org/jetbrains/kotlin/psi/KtContextReceiver
Event: 2.319 loading class org/jetbrains/kotlin/psi/KtContextReceiver done
Event: 2.320 loading class org/jetbrains/kotlin/psi/KtContextReceiverList
Event: 2.320 loading class org/jetbrains/kotlin/psi/KtContextReceiverList done
Event: 2.321 loading class org/jetbrains/kotlin/psi/stubs/elements/KtConstantExpressionElementType
Event: 2.321 loading class org/jetbrains/kotlin/psi/stubs/elements/KtConstantExpressionElementType done
Event: 2.321 loading class org/jetbrains/kotlin/psi/stubs/elements/KtConstantExpressionElementType$Companion
Event: 2.321 loading class org/jetbrains/kotlin/psi/stubs/elements/KtConstantExpressionElementType$Companion done
Event: 2.322 loading class org/jetbrains/kotlin/psi/KtConstantExpression
Event: 2.322 loading class org/jetbrains/kotlin/psi/KtConstantExpression done
Event: 2.322 loading class org/jetbrains/kotlin/psi/stubs/KotlinConstantExpressionStub
Event: 2.322 loading class org/jetbrains/kotlin/psi/stubs/KotlinConstantExpressionStub done
Event: 2.323 loading class org/jetbrains/kotlin/psi/KtStringTemplateExpression
Event: 2.323 loading class org/jetbrains/kotlin/psi/KtStringTemplateExpression done
Event: 2.323 loading class org/jetbrains/kotlin/com/intellij/psi/ContributedReferenceHost
Event: 2.323 loading class org/jetbrains/kotlin/com/intellij/psi/ContributedReferenceHost done


Dynamic libraries:
0x00007ff6ea2d0000 - 0x00007ff6ea2da000 	C:\Program Files\Android\Android Studio\jbr\bin\java.exe
0x00007ffa16d70000 - 0x00007ffa16f84000 	C:\WINDOWS\SYSTEM32\ntdll.dll
0x00007ffa16350000 - 0x00007ffa16413000 	C:\WINDOWS\System32\KERNEL32.DLL
0x00007ffa14740000 - 0x00007ffa14add000 	C:\WINDOWS\System32\KERNELBASE.dll
0x00007ffa14230000 - 0x00007ffa14341000 	C:\WINDOWS\System32\ucrtbase.dll
0x00007ffa00880000 - 0x00007ffa00897000 	C:\Program Files\Android\Android Studio\jbr\bin\jli.dll
0x00007ffa01680000 - 0x00007ffa0169b000 	C:\Program Files\Android\Android Studio\jbr\bin\VCRUNTIME140.dll
0x00007ffa16ab0000 - 0x00007ffa16c5d000 	C:\WINDOWS\System32\USER32.dll
0x00007ffa146a0000 - 0x00007ffa146c6000 	C:\WINDOWS\System32\win32u.dll
0x00007ffa15170000 - 0x00007ffa15199000 	C:\WINDOWS\System32\GDI32.dll
0x00007ff9e7180000 - 0x00007ff9e740e000 	C:\WINDOWS\WinSxS\amd64_microsoft.windows.common-controls_6595b64144ccf1df_6.0.22621.608_none_a9444ca7c10bb01d\COMCTL32.dll
0x00007ffa14580000 - 0x00007ffa14692000 	C:\WINDOWS\System32\gdi32full.dll
0x00007ffa16550000 - 0x00007ffa165f7000 	C:\WINDOWS\System32\msvcrt.dll
0x00007ffa14190000 - 0x00007ffa1422a000 	C:\WINDOWS\System32\msvcp_win.dll
0x00007ffa166e0000 - 0x00007ffa16712000 	C:\WINDOWS\System32\IMM32.DLL
0x00007ff9f6b80000 - 0x00007ff9f6c0d000 	C:\Program Files\Android\Android Studio\jbr\bin\msvcp140.dll
0x00007ff9df870000 - 0x00007ff9df87c000 	C:\WINDOWS\SYSTEM32\VCRUNTIME140_1.dll
0x00007ff980e50000 - 0x00007ff981a0c000 	C:\Program Files\Android\Android Studio\jbr\bin\server\jvm.dll
0x00007ffa15800000 - 0x00007ffa158ae000 	C:\WINDOWS\System32\ADVAPI32.dll
0x00007ffa16c80000 - 0x00007ffa16d24000 	C:\WINDOWS\System32\sechost.dll
0x00007ffa161b0000 - 0x00007ffa162c5000 	C:\WINDOWS\System32\RPCRT4.dll
0x00007ffa16aa0000 - 0x00007ffa16aa8000 	C:\WINDOWS\System32\PSAPI.DLL
0x00007ffa0d990000 - 0x00007ffa0d999000 	C:\WINDOWS\SYSTEM32\WSOCK32.dll
0x00007ffa0a770000 - 0x00007ffa0a77a000 	C:\WINDOWS\SYSTEM32\VERSION.dll
0x00007ffa0cad0000 - 0x00007ffa0cb04000 	C:\WINDOWS\SYSTEM32\WINMM.dll
0x00007ffa162d0000 - 0x00007ffa16341000 	C:\WINDOWS\System32\WS2_32.dll
0x00007ffa131a0000 - 0x00007ffa131b8000 	C:\WINDOWS\SYSTEM32\kernel.appcore.dll
0x00007ffa0d950000 - 0x00007ffa0d960000 	C:\Program Files\Android\Android Studio\jbr\bin\verify.dll
0x00007ffa11c60000 - 0x00007ffa11e8e000 	C:\WINDOWS\SYSTEM32\DBGHELP.DLL
0x00007ffa15220000 - 0x00007ffa155aa000 	C:\WINDOWS\System32\combase.dll
0x00007ffa16600000 - 0x00007ffa166d7000 	C:\WINDOWS\System32\OLEAUT32.dll
0x00007ffa03890000 - 0x00007ffa038c2000 	C:\WINDOWS\SYSTEM32\dbgcore.DLL
0x00007ffa14ae0000 - 0x00007ffa14b5b000 	C:\WINDOWS\System32\bcryptPrimitives.dll
0x00007ffa014b0000 - 0x00007ffa014d8000 	C:\Program Files\Android\Android Studio\jbr\bin\java.dll
0x00007ffa0d5f0000 - 0x00007ffa0d5fa000 	C:\Program Files\Android\Android Studio\jbr\bin\jimage.dll
0x00007ffa0d350000 - 0x00007ffa0d368000 	C:\Program Files\Android\Android Studio\jbr\bin\zip.dll
0x00007ffa158b0000 - 0x00007ffa1609f000 	C:\WINDOWS\System32\SHELL32.dll
0x00007ffa12280000 - 0x00007ffa12b48000 	C:\WINDOWS\SYSTEM32\windows.storage.dll
0x00007ffa12140000 - 0x00007ffa1227e000 	C:\WINDOWS\SYSTEM32\wintypes.dll
0x00007ffa160b0000 - 0x00007ffa161a1000 	C:\WINDOWS\System32\SHCORE.dll
0x00007ffa164e0000 - 0x00007ffa1653e000 	C:\WINDOWS\System32\shlwapi.dll
0x00007ffa140c0000 - 0x00007ffa140e1000 	C:\WINDOWS\SYSTEM32\profapi.dll
0x00007ffa0d2c0000 - 0x00007ffa0d2d9000 	C:\Program Files\Android\Android Studio\jbr\bin\net.dll
0x00007ffa0e670000 - 0x00007ffa0e79f000 	C:\WINDOWS\SYSTEM32\WINHTTP.dll
0x00007ffa13600000 - 0x00007ffa13669000 	C:\WINDOWS\system32\mswsock.dll
0x00007ffa0c260000 - 0x00007ffa0c273000 	C:\Program Files\Android\Android Studio\jbr\bin\nio.dll

dbghelp: loaded successfully - version: 4.0.5 - missing functions: none
symbol engine: initialized successfully - sym options: 0x614 - pdb path: .;C:\Program Files\Android\Android Studio\jbr\bin;C:\WINDOWS\SYSTEM32;C:\WINDOWS\WinSxS\amd64_microsoft.windows.common-controls_6595b64144ccf1df_6.0.22621.608_none_a9444ca7c10bb01d;C:\Program Files\Android\Android Studio\jbr\bin\server

VM Arguments:
java_command: org.jetbrains.kotlin.cli.jvm.K2JVMCompiler @D:\previous\WBC\2022\research\abaclone\ABAClone\app\build\20230202_1451062397707429213.compiler.options
java_class_path (initial): C:\Users\pisal_utngy\.gradle\caches\modules-2\files-2.1\org.jetbrains.kotlin\kotlin-compiler-embeddable\1.7.0\4d09852239f61842072b40b524882fa3caaed371\kotlin-compiler-embeddable-1.7.0.jar;C:\Users\pisal_utngy\.gradle\caches\modules-2\files-2.1\org.jetbrains.kotlin\kotlin-reflect\1.7.0\e660b0079fdaf744dc9cc7f6f3aa3c761ec839b0\kotlin-reflect-1.7.0.jar;C:\Users\pisal_utngy\.gradle\caches\modules-2\files-2.1\org.jetbrains.kotlin\kotlin-stdlib\1.7.0\a5f42c684ad9003160ef0d0f693ecf0ba7b13549\kotlin-stdlib-1.7.0.jar;C:\Users\pisal_utngy\.gradle\caches\modules-2\files-2.1\org.jetbrains.kotlin\kotlin-script-runtime\1.7.0\3acea1d447587e61bc3e1b3ed6227d9e9ed4ddf1\kotlin-script-runtime-1.7.0.jar;C:\Users\pisal_utngy\.gradle\caches\modules-2\files-2.1\org.jetbrains.kotlin\kotlin-daemon-embeddable\1.7.0\fd56798de80825c673ac93808284c5198ffa2b50\kotlin-daemon-embeddable-1.7.0.jar;C:\Users\pisal_utngy\.gradle\caches\modules-2\files-2.1\org.jetbrains.intellij.deps\trove4j\1.0.20200330\3afb14d5f9ceb459d724e907a21145e8ff394f02\trove4j-1.0.20200330.jar;C:\Users\pisal_utngy\.gradle\caches\modules-2\files-2.1\net.java.dev.jna\jna\5.6.0\330f2244e9030119ab3030fc3fededc86713d9cc\jna-5.6.0.jar;C:\Users\pisal_utngy\.gradle\caches\modules-2\files-2.1\org.jetbrains.kotlin\kotlin-stdlib-common\1.7.0\51736992f422993a1e741051bdf3c12801bc1ca1\kotlin-stdlib-common-1.7.0.jar;C:\Users\pisal_utngy\.gradle\caches\modules-2\files-2.1\org.jetbrains\annotations\13.0\919f0dfe192fb4e063e7dacadee7f8bb9a2672a9\annotations-13.0.jar
Launcher Type: SUN_STANDARD

[Global flags]
     intx CICompilerCount                          = 4                                         {product} {ergonomic}
     uint ConcGCThreads                            = 2                                         {product} {ergonomic}
     uint G1ConcRefinementThreads                  = 8                                         {product} {ergonomic}
   size_t G1HeapRegionSize                         = 1048576                                   {product} {ergonomic}
    uintx GCDrainStackTargetSize                   = 64                                        {product} {ergonomic}
   size_t InitialHeapSize                          = 266338304                                 {product} {ergonomic}
   size_t MarkStackSize                            = 4194304                                   {product} {ergonomic}
   size_t MaxHeapSize                              = 4238344192                                {product} {ergonomic}
   size_t MaxNewSize                               = 2542796800                                {product} {ergonomic}
   size_t MinHeapDeltaBytes                        = 1048576                                   {product} {ergonomic}
    uintx NonNMethodCodeHeapSize                   = 5836300                                {pd product} {ergonomic}
    uintx NonProfiledCodeHeapSize                  = 122910970                              {pd product} {ergonomic}
    uintx ProfiledCodeHeapSize                     = 122910970                              {pd product} {ergonomic}
    uintx ReservedCodeCacheSize                    = 251658240                              {pd product} {ergonomic}
     bool SegmentedCodeCache                       = true                                      {product} {ergonomic}
     bool UseCompressedClassPointers               = true                                 {lp64_product} {ergonomic}
     bool UseCompressedOops                        = true                                 {lp64_product} {ergonomic}
     bool UseG1GC                                  = true                                      {product} {ergonomic}
     bool UseLargePagesIndividualAllocation        = false                                  {pd product} {ergonomic}

Logging:
Log output configuration:
 #0: stdout all=warning uptime,level,tags
 #1: stderr all=off uptime,level,tags

Environment Variables:
PATH=C:\Program Files (x86)\Razer\ChromaBroadcast\bin;C:\Program Files\Razer\ChromaBroadcast\bin;C:\Program Files\Eclipse Adoptium\jdk-17.0.5.8-hotspot\bin;C:\Users\Sysadmin\Documents;D:\app\Sysadmin\product\11.2.0\client_2;D:\app\Sysadmin\product\11.2.0\client_1;C:\Program Files (x86)\Common Files\NetSarang;C:\WINDOWS\system32;C:\WINDOWS;C:\WINDOWS\System32\Wbem;C:\WINDOWS\System32\WindowsPowerShell\v1.0\;C:\WINDOWS\System32\OpenSSH\;C:\Program Files\nodejs\;C:\ProgramData\chocolatey\bin;C:\Users\poty_mov\AppData\Local\Microsoft\WindowsApps;C:\Program Files\Microsoft SQL Server\130\Tools\Binn\;C:\Program Files\Microsoft SQL Server\Client SDK\ODBC\170\Tools\Binn\;C:\Program Files (x86)\Microsoft SQL Server\150\DTS\Binn\;C:\Program Files\Azure Data Studio\bin;C:\Minikube;C:\xampp\php;C:\ProgramData\ComposerSetup\bin;C:\Program Files (x86)\Microsoft SQL Server\110\DTS\Binn\;C:\Program Files (x86)\Microsoft SQL Server\120\DTS\Binn\;C:\Program Files (x86)\Microsoft SQL Server\130\DTS\Binn\;C:\Program Files (x86)\Microsoft SQL Server\140\DTS\Binn\;C:\Program Files (x86)\Microsoft SQL Server\160\DTS\Binn\;C:\Program Files\Docker\Docker\resources\bin;C:\Users\pisal_utngy\AppData\Local\Microsoft\WindowsApps;C:\Users\pisal_utngy\AppData\Local\Programs\Microsoft VS Code\bin;C:\Users\pisal_utngy\AppData\Local\Programs\Hyper\resources\bin;C:\Users\pisal_utngy\AppData\Roaming\npm;C:\Users\pisal_utngy\AppData\Local\Programs\Git\cmd;C:\Users\pisal_utngy\AppData\Local\GitHubDesktop\bin
USERNAME=pisal_utngy
OS=Windows_NT
PROCESSOR_IDENTIFIER=Intel64 Family 6 Model 140 Stepping 1, GenuineIntel



---------------  S Y S T E M  ---------------

OS: Windows 11 , 64 bit Build 22621 (10.0.22621.1105)
OS uptime: 5 days 5:48 hours
Hyper-V role detected

CPU:total 8 (initial active 8) (4 cores per cpu, 2 threads per core) family 6 model 140 stepping 1 microcode 0x8a, cmov, cx8, fxsr, mmx, sse, sse2, sse3, ssse3, sse4.1, sse4.2, popcnt, avx, avx2, aes, clmul, erms, 3dnowpref, lzcnt, ht, tsc, tscinvbit, bmi1, bmi2, adx, evex, sha, fma

Memory: 4k page, system-wide physical 16167M (416M free)
TotalPageFile size 39594M (AvailPageFile size 3M)
current process WorkingSet (physical memory assigned to process): 184M, peak: 184M
current process commit charge ("private bytes"): 419M, peak: 419M

vm_info: OpenJDK 64-Bit Server VM (11.0.15+0-b2043.56-8887301) for windows-amd64 JRE (11.0.15+0-b2043.56-8887301), built on Jul 29 2022 23:19:47 by "builduser" with unknown MS VC++:1929

END.
